*****************************
***********SYSTEM************
*****************************
Unity Version:2019.3.15f1
OS:Windows 10  (10.0.0) 64bit
System Time: 6/24/2020 9:04:38 AM

*****************************
***********PROJECT***********
*****************************
SDK Type: CVR_VARJO
SDK Version: 0.20.2
Api Key: ****N989
Developer Key: ****0CRP
Enable Logging: True
Enable Development Logging: False
Gaze Type: Physics
Snapshot Interval: 0.1
Dynamic Object Search in Parent: True
Dynamic Object Layer Mask: -1
Track GPS Location: False
GPS Sync with Player Update: False
GPS Update Interval: 1
GPS Accuracy: 2
Record Floor Position: True
Gaze Snapshot Batch Size: 64
Event Snapshot Batch Size: 64
Event Extreme Batch Size: 256
Event Minimum Timer: 2
Event Automatic Send Timer: 10
Dynamic Snapshot Batch Size: 64
Dynamic Extreme Batch Size: 256
Dynamic Minimum Timer: 2
Dynamic Automatic Send Timer: 10
Sensor Snapshot Batch Size: 64
Sensor Extreme Batch Size: 256
Sensor Minimum Timer: 6
Sensor Automatic Send Timer: 10
Fixation Snapshot Batch Size: 64
Fixation Extreme Batch Size: 2
Fixation Minimum Timer: 2
Fixation Automatic Send Timer: 10
Save Data to Local Cache if no internet connection: True
Cache Size (bytes): 10485760
Cache Size (mb): 10.0 MB
Custom Protocol: https
Custom Gateway: data.cognitive3d.com
Custom Viewer: viewer.cognitive3d.com/scene/
Custom Dashboard: app.cognitive3d.com
Send Data on HMD Remove: True
Send Data on Level Load: True
Send Data on Quit: True
Send Data on Hotkey: True
Send Data Primary Hotkey: F9
Send Data Hotkey Modifiers: True False False
Texture Export Quality: 1
Export Lowest LOD from LODGroup Components: True
Export AO Maps: False
Scene Settings:
  ├─ReadyRoom
  │  ├─Scene Id: 
  │  ├─Scene Path: Assets/CognitiveVR/ReadyRoom/ReadyRoom.unity
  │  ├─Last Revision: 0
  │  ├─Version Number: 1
  │  └─Version Id: 0
  ├─SampleScene
  │  ├─Scene Id: 
  │  ├─Scene Path: Assets/Materiaalit/Props/Carton of Milk 4K PBR/Scenes/SampleScene.unity
  │  ├─Last Revision: 0
  │  ├─Version Number: 1
  │  └─Version Id: 0
  ├─DemoScene
  │  ├─Scene Id: 
  │  ├─Scene Path: Assets/Materiaalit/Props/FROOD/Scenes/DemoScene.unity
  │  ├─Last Revision: 0
  │  ├─Version Number: 1
  │  └─Version Id: 0
  ├─prefabs_scene
  │  ├─Scene Id: 
  │  ├─Scene Path: Assets/Materiaalit/Props/Training table/prefabs_scene.unity
  │  ├─Last Revision: 0
  │  ├─Version Number: 1
  │  └─Version Id: 0
  ├─Demo Setup
  │  ├─Scene Id: 
  │  ├─Scene Path: Assets/Materiaalit/Tile Floor/Demo/Demo Setup.unity
  │  ├─Last Revision: 0
  │  ├─Version Number: 1
  │  └─Version Id: 0
  ├─asd123
  │  ├─Scene Id: 
  │  ├─Scene Path: Assets/Scenes/asd123.unity
  │  ├─Last Revision: 0
  │  ├─Version Number: 1
  │  └─Version Id: 0
  ├─Main
  │  ├─Scene Id: 
  │  ├─Scene Path: Assets/Scenes/Main.unity
  │  ├─Last Revision: 0
  │  ├─Version Number: 1
  │  └─Version Id: 0
  ├─Main_2
  │  ├─Scene Id: de902d88-5a90-45b5-9223-ad652f5b498a
  │  ├─Scene Path: Assets/Scenes/Main_2.unity
  │  ├─Last Revision: 5248971763978052817
  │  ├─Version Number: 1
  │  └─Version Id: 1798
  ├─SteamVR_ForceSteamVRMode
  │  ├─Scene Id: 
  │  ├─Scene Path: Assets/SteamVR/Extras/SteamVR_ForceSteamVRMode.unity
  │  ├─Last Revision: 0
  │  ├─Version Number: 1
  │  └─Version Id: 0
  ├─SteamVR_LaserPointer
  │  ├─Scene Id: 
  │  ├─Scene Path: Assets/SteamVR/Extras/SteamVR_LaserPointer.unity
  │  ├─Last Revision: 0
  │  ├─Version Number: 1
  │  └─Version Id: 0
  ├─SteamVR_ShowTrackingReferences
  │  ├─Scene Id: 
  │  ├─Scene Path: Assets/SteamVR/Extras/SteamVR_ShowTrackingReferences.unity
  │  ├─Last Revision: 0
  │  ├─Version Number: 1
  │  └─Version Id: 0
  ├─SteamVR_TestIK
  │  ├─Scene Id: 
  │  ├─Scene Path: Assets/SteamVR/Extras/SteamVR_TestIK.unity
  │  ├─Last Revision: 0
  │  ├─Version Number: 1
  │  └─Version Id: 0
  ├─SteamVR_TestThrow
  │  ├─Scene Id: 
  │  ├─Scene Path: Assets/SteamVR/Extras/SteamVR_TestThrow.unity
  │  ├─Last Revision: 0
  │  ├─Version Number: 1
  │  └─Version Id: 0
  ├─SteamVR_TestTrackedCamera
  │  ├─Scene Id: 
  │  ├─Scene Path: Assets/SteamVR/Extras/SteamVR_TestTrackedCamera.unity
  │  ├─Last Revision: 0
  │  ├─Version Number: 1
  │  └─Version Id: 0
  ├─Interactions_Example
  │  ├─Scene Id: 
  │  ├─Scene Path: Assets/SteamVR/InteractionSystem/Samples/Interactions_Example.unity
  │  ├─Last Revision: 0
  │  ├─Version Number: 1
  │  └─Version Id: 0
  ├─Simple Sample
  │  ├─Scene Id: 
  │  ├─Scene Path: Assets/SteamVR/Simple Sample.unity
  │  ├─Last Revision: 0
  │  ├─Version Number: 1
  │  └─Version Id: 0
  ├─VarjoEventsSample
  │  ├─Scene Id: 
  │  ├─Scene Path: Assets/Varjo/Samples/Scenes/VarjoEventsSample.unity
  │  ├─Last Revision: 0
  │  ├─Version Number: 1
  │  └─Version Id: 0
  ├─VarjoMixedRealityCameraSettingsSample
  │  ├─Scene Id: 
  │  ├─Scene Path: Assets/Varjo/Samples/Scenes/VarjoMixedRealityCameraSettingsSample.unity
  │  ├─Last Revision: 0
  │  ├─Version Number: 1
  │  └─Version Id: 0
  ├─VarjoMixedRealityEventsSample
  │  ├─Scene Id: 
  │  ├─Scene Path: Assets/Varjo/Samples/Scenes/VarjoMixedRealityEventsSample.unity
  │  ├─Last Revision: 0
  │  ├─Version Number: 1
  │  └─Version Id: 0
  ├─VarjoMixedRealitySample
  │  ├─Scene Id: 
  │  ├─Scene Path: Assets/Varjo/Samples/Scenes/VarjoMixedRealitySample.unity
  │  ├─Last Revision: 0
  │  ├─Version Number: 1
  │  └─Version Id: 0
  ├─VarjoMixedRealityStreamsSample
  │  ├─Scene Id: 
  │  ├─Scene Path: Assets/Varjo/Samples/Scenes/VarjoMixedRealityStreamsSample.unity
  │  ├─Last Revision: 0
  │  ├─Version Number: 1
  │  └─Version Id: 0
  ├─VarjoMixedRealityWindowSample
  │  ├─Scene Id: 
  │  ├─Scene Path: Assets/Varjo/Samples/Scenes/VarjoMixedRealityWindowSample.unity
  │  ├─Last Revision: 0
  │  ├─Version Number: 1
  │  └─Version Id: 0
  └─VarjoRenderingSample
     ├─Scene Id: 
     ├─Scene Path: Assets/Varjo/Samples/Scenes/VarjoRenderingSample.unity
     ├─Last Revision: 0
     ├─Version Number: 1
     └─Version Id: 0

*****************************
********CURRENT SCENE********
*****************************
Scene Name: Main_2
Scene Id: de902d88-5a90-45b5-9223-ad652f5b498a
Scene Path: Assets/Scenes/Main_2.unity
Last Revision: 5248971763978052817
Version Number: 1
Version Id: 1798
Scene Size (mb): 40.33
Main Camera GameObject: VRCamera
Manager Initialize On Start: True
Manager Startup Delay Time (s): 2

*****************************
****CURRENT SCENE OBJECTS****
*****************************
Dynamic Object Count: 8
  ├─Throwable (2)
  │  ├─Mesh Name: throwable_(2)
  │  ├─Has Collider: false
  │  ├─Has Children: true
  │  └─Has Child Colliders: true
  ├─Throwable 
  │  ├─Mesh Name: throwable_
  │  ├─Has Collider: false
  │  ├─Has Children: true
  │  └─Has Child Colliders: true
  ├─Throwable (5)
  │  ├─Mesh Name: throwable_(5)
  │  ├─Has Collider: false
  │  ├─Has Children: true
  │  └─Has Child Colliders: true
  ├─Throwable (1)
  │  ├─Mesh Name: throwable_(1)
  │  ├─Has Collider: false
  │  ├─Has Children: true
  │  └─Has Child Colliders: true
  ├─Throwable (6)
  │  ├─Mesh Name: throwable_(6)
  │  ├─Has Collider: false
  │  ├─Has Children: true
  │  └─Has Child Colliders: true
  ├─Throwable (3)
  │  ├─Mesh Name: throwable_(3)
  │  ├─Has Collider: false
  │  ├─Has Children: true
  │  └─Has Child Colliders: true
  ├─Throwable (4)
  │  ├─Mesh Name: throwable_(4)
  │  ├─Has Collider: false
  │  ├─Has Children: true
  │  └─Has Child Colliders: true
  └─Throwable (7)
     ├─Mesh Name: throwable_(7)
     ├─Has Collider: false
     ├─Has Children: true
     └─Has Child Colliders: true

*****************************
********EXPORT FOLDER********
*****************************
/CognitiveVR_SceneExplorerExport (41mb)
   /Dynamic (0.58mb)
      /throwable_ (0.07mb)
         cvr_object_thumbnail.png (0.04mb)
         throwable_.bin (0.03mb)
         throwable_.gltf (0.00mb)
      /throwable_(1) (0.07mb)
         cvr_object_thumbnail.png (0.04mb)
         throwable_(1).bin (0.03mb)
         throwable_(1).gltf (0.00mb)
      /throwable_(2) (0.07mb)
         cvr_object_thumbnail.png (0.04mb)
         throwable_(2).bin (0.03mb)
         throwable_(2).gltf (0.00mb)
      /throwable_(3) (0.07mb)
         cvr_object_thumbnail.png (0.04mb)
         throwable_(3).bin (0.03mb)
         throwable_(3).gltf (0.00mb)
      /throwable_(4) (0.07mb)
         cvr_object_thumbnail.png (0.04mb)
         throwable_(4).bin (0.03mb)
         throwable_(4).gltf (0.00mb)
      /throwable_(5) (0.07mb)
         cvr_object_thumbnail.png (0.04mb)
         throwable_(5).bin (0.03mb)
         throwable_(5).gltf (0.00mb)
      /throwable_(6) (0.07mb)
         cvr_object_thumbnail.png (0.04mb)
         throwable_(6).bin (0.03mb)
         throwable_(6).gltf (0.00mb)
      /throwable_(7) (0.07mb)
         cvr_object_thumbnail.png (0.04mb)
         throwable_(7).bin (0.03mb)
         throwable_(7).gltf (0.00mb)
   /Main_2 (40.33mb)
      1359573050.png (1.16mb)
      183932671.png (0.72mb)
      314057225.png (0.15mb)
      709177350.png (2.34mb)
      864058402.png (3.38mb)
      brick-957827.png (3.66mb)
      brick-957827_normal.png (7.23mb)
      debug.log (0.01mb)
      Furniture_AlbedoTransparency.png (1.65mb)
      Furniture_MetallicSmoothness.png (2.75mb)
      Furniture_Normal.png (1.71mb)
      scene.bin (0.33mb)
      scene.gltf (0.07mb)
      settings.json (0.00mb)
      shelf_D.png (0.32mb)
      shelf_N.png (0.48mb)
      Spotlight_basecolor.png (0.43mb)
      Spotlight_emission.png (0.04mb)
      Spotlight_normal.png (0.87mb)
      Table_low_DefaultMaterial_AlbedoTransparency.png (2.62mb)
      Table_low_DefaultMaterial_MetallicSmoothness.png (1.86mb)
      Table_low_DefaultMaterial_Normal.png (3.27mb)
      wood-877000.png (2.21mb)
      wood-877000_normal.png (2.94mb)
      /screenshot (0.14mb)
         screenshot.png (0.14mb)
